2025-05-18 23:33:57,984 - INFO - System monitoring daemon started
2025-05-18 23:33:58,923 - INFO - Sending initial system status...
2025-05-18 23:33:58,934 - INFO - Server response: 201
2025-05-18 23:33:58,934 - INFO - Successfully sent initial status to server
2025-05-19 00:03:29,188 - INFO - System monitoring daemon started
2025-05-19 00:03:30,109 - INFO - Sending initial system status...
2025-05-19 00:03:30,141 - INFO - Server response: 201
2025-05-19 00:03:30,141 - INFO - Successfully sent initial status to server
2025-05-19 00:33:31,016 - INFO - No changes detected in system status
2025-05-19 00:41:56,560 - INFO - System monitoring daemon started
2025-05-19 00:41:57,832 - INFO - Sending initial system status...
2025-05-19 00:41:57,869 - INFO - Server response: 201
2025-05-19 00:41:57,869 - INFO - Successfully sent initial status to server
2025-05-19 00:48:49,234 - INFO - System monitoring daemon started
2025-05-19 00:48:50,322 - INFO - Sending initial system status...
2025-05-19 00:48:50,335 - INFO - Server response: 201
2025-05-19 00:48:50,335 - INFO - Successfully sent initial status to server
2025-05-19 01:18:51,328 - INFO - No changes detected in system status
2025-05-19 01:48:52,377 - INFO - No changes detected in system status
2025-05-19 02:18:53,439 - INFO - No changes detected in system status
2025-05-19 02:48:54,507 - INFO - No changes detected in system status
2025-05-19 02:54:50,427 - INFO - System monitoring daemon started
2025-05-19 02:54:51,567 - INFO - Sending initial system status...
2025-05-19 02:54:51,616 - INFO - Server response: 201
2025-05-19 02:54:51,616 - INFO - Successfully sent initial status to server
2025-05-19 03:20:28,400 - INFO - System monitoring daemon started
2025-05-19 03:20:30,022 - INFO - Sending initial system status...
2025-05-19 03:20:30,061 - INFO - Server response: 201
2025-05-19 03:20:30,064 - INFO - Successfully sent initial status to server
2025-05-19 04:18:52,659 - INFO - Service module loaded
2025-05-19 04:18:54,682 - INFO - Service module loaded
2025-05-19 04:18:55,243 - INFO - Service module loaded
2025-05-19 04:24:48,845 - INFO - Service module loaded
2025-05-19 04:24:49,390 - INFO - Service module loaded
2025-05-19 04:39:30,211 - INFO - System monitoring daemon started
2025-05-19 04:39:31,751 - INFO - Sending initial system status...
2025-05-19 04:39:31,769 - INFO - Server response: 201
2025-05-19 04:39:31,769 - INFO - Successfully sent initial status to server
